# JRE version: Java(TM) SE Runtime Environment (8.0_162-b12) (build 1.8.0_162-b12)
# Java VM: Java HotSpot(TM) 64-Bit Server VM (25.162-b12 mixed mode windows-amd64 compressed oops)
Heap:
 PSYoungGen      total 535040K, used 44811K [0x000000076b300000, 0x0000000792a00000, 0x00000007c0000000)
  eden space 513024K, 5% used [0x000000076b300000,0x000000076cfbbe78,0x000000078a800000)
  from space 22016K, 69% used [0x000000078a800000,0x000000078b706df8,0x000000078bd80000)
  to   space 22528K, 0% used [0x0000000791400000,0x0000000791400000,0x0000000792a00000)
 ParOldGen       total 131072K, used 36580K [0x00000006c1800000, 0x00000006c9800000, 0x000000076b300000)
  object space 131072K, 27% used [0x00000006c1800000,0x00000006c3bb91c8,0x00000006c9800000)
 Metaspace       used 63528K, capacity 67258K, committed 67456K, reserved 1107968K
  class space    used 8355K, capacity 9003K, committed 9088K, reserved 1048576K
GC Heap History (10 events):
Event: 25.935 GC heap before
{Heap before GC invocations=10 (full 2):
 PSYoungGen      total 394752K, used 11251K [0x000000076b300000, 0x0000000787580000, 0x00000007c0000000)
  eden space 383488K, 0% used [0x000000076b300000,0x000000076b300000,0x0000000782980000)
  from space 11264K, 99% used [0x0000000783600000,0x00000007840fcf50,0x0000000784100000)
  to   space 12800K, 0% used [0x0000000782980000,0x0000000782980000,0x0000000783600000)
 ParOldGen       total 87552K, used 11833K [0x00000006c1800000, 0x00000006c6d80000, 0x000000076b300000)
  object space 87552K, 13% used [0x00000006c1800000,0x00000006c238e768,0x00000006c6d80000)
 Metaspace       used 34042K, capacity 35450K, committed 35496K, reserved 1079296K
  class space    used 4532K, capacity 4843K, committed 4864K, reserved 1048576K
Event: 26.024 GC heap after
Heap after GC invocations=10 (full 2):
 PSYoungGen      total 394752K, used 0K [0x000000076b300000, 0x0000000787580000, 0x00000007c0000000)
  eden space 383488K, 0% used [0x000000076b300000,0x000000076b300000,0x0000000782980000)
  from space 11264K, 0% used [0x0000000783600000,0x0000000783600000,0x0000000784100000)
  to   space 12800K, 0% used [0x0000000782980000,0x0000000782980000,0x0000000783600000)
 ParOldGen       total 131072K, used 17447K [0x00000006c1800000, 0x00000006c9800000, 0x000000076b300000)
  object space 131072K, 13% used [0x00000006c1800000,0x00000006c2909f80,0x00000006c9800000)
 Metaspace       used 34042K, capacity 35450K, committed 35496K, reserved 1079296K
  class space    used 4532K, capacity 4843K, committed 4864K, reserved 1048576K
}
Event: 32.345 GC heap before
{Heap before GC invocations=11 (full 2):
 PSYoungGen      total 394752K, used 383488K [0x000000076b300000, 0x0000000787580000, 0x00000007c0000000)
  eden space 383488K, 100% used [0x000000076b300000,0x0000000782980000,0x0000000782980000)
  from space 11264K, 0% used [0x0000000783600000,0x0000000783600000,0x0000000784100000)
  to   space 12800K, 0% used [0x0000000782980000,0x0000000782980000,0x0000000783600000)
 ParOldGen       total 131072K, used 17447K [0x00000006c1800000, 0x00000006c9800000, 0x000000076b300000)
  object space 131072K, 13% used [0x00000006c1800000,0x00000006c2909f80,0x00000006c9800000)
 Metaspace       used 45122K, capacity 47404K, committed 47744K, reserved 1091584K
  class space    used 5989K, capacity 6423K, committed 6528K, reserved 1048576K
Event: 32.382 GC heap after
Heap after GC invocations=11 (full 2):
 PSYoungGen      total 396288K, used 12775K [0x000000076b300000, 0x000000078ce00000, 0x00000007c0000000)
  eden space 383488K, 0% used [0x000000076b300000,0x000000076b300000,0x0000000782980000)
  from space 12800K, 99% used [0x0000000782980000,0x00000007835f9d58,0x0000000783600000)
  to   space 16896K, 0% used [0x000000078bd80000,0x000000078bd80000,0x000000078ce00000)
 ParOldGen       total 131072K, used 23857K [0x00000006c1800000, 0x00000006c9800000, 0x000000076b300000)
  object space 131072K, 18% used [0x00000006c1800000,0x00000006c2f4c7d0,0x00000006c9800000)
 Metaspace       used 45122K, capacity 47404K, committed 47744K, reserved 1091584K
  class space    used 5989K, capacity 6423K, committed 6528K, reserved 1048576K
}
Event: 39.795 GC heap before
{Heap before GC invocations=12 (full 2):
 PSYoungGen      total 396288K, used 278002K [0x000000076b300000, 0x000000078ce00000, 0x00000007c0000000)
  eden space 383488K, 69% used [0x000000076b300000,0x000000077b602ad0,0x0000000782980000)
  from space 12800K, 99% used [0x0000000782980000,0x00000007835f9d58,0x0000000783600000)
  to   space 16896K, 0% used [0x000000078bd80000,0x000000078bd80000,0x000000078ce00000)
 ParOldGen       total 131072K, used 23857K [0x00000006c1800000, 0x00000006c9800000, 0x000000076b300000)
  object space 131072K, 18% used [0x00000006c1800000,0x00000006c2f4c7d0,0x00000006c9800000)
 Metaspace       used 56097K, capacity 59004K, committed 59136K, reserved 1099776K
  class space    used 7312K, capacity 7863K, committed 7936K, reserved 1048576K
Event: 39.840 GC heap after
Heap after GC invocations=12 (full 2):
 PSYoungGen      total 529920K, used 16881K [0x000000076b300000, 0x000000078d400000, 0x00000007c0000000)
  eden space 513024K, 0% used [0x000000076b300000,0x000000076b300000,0x000000078a800000)
  from space 16896K, 99% used [0x000000078bd80000,0x000000078cdfc548,0x000000078ce00000)
  to   space 22016K, 0% used [0x000000078a800000,0x000000078a800000,0x000000078bd80000)
 ParOldGen       total 131072K, used 32139K [0x00000006c1800000, 0x00000006c9800000, 0x000000076b300000)
  object space 131072K, 24% used [0x00000006c1800000,0x00000006c3762e88,0x00000006c9800000)
 Metaspace       used 56097K, capacity 59004K, committed 59136K, reserved 1099776K
  class space    used 7312K, capacity 7863K, committed 7936K, reserved 1048576K
}
Event: 39.840 GC heap before
{Heap before GC invocations=13 (full 3):
 PSYoungGen      total 529920K, used 16881K [0x000000076b300000, 0x000000078d400000, 0x00000007c0000000)
  eden space 513024K, 0% used [0x000000076b300000,0x000000076b300000,0x000000078a800000)
  from space 16896K, 99% used [0x000000078bd80000,0x000000078cdfc548,0x000000078ce00000)
  to   space 22016K, 0% used [0x000000078a800000,0x000000078a800000,0x000000078bd80000)
 ParOldGen       total 131072K, used 32139K [0x00000006c1800000, 0x00000006c9800000, 0x000000076b300000)
  object space 131072K, 24% used [0x00000006c1800000,0x00000006c3762e88,0x00000006c9800000)
 Metaspace       used 56097K, capacity 59004K, committed 59136K, reserved 1099776K
  class space    used 7312K, capacity 7863K, committed 7936K, reserved 1048576K
Event: 40.365 GC heap after
Heap after GC invocations=13 (full 3):
 PSYoungGen      total 529920K, used 0K [0x000000076b300000, 0x000000078d400000, 0x00000007c0000000)
  eden space 513024K, 0% used [0x000000076b300000,0x000000076b300000,0x000000078a800000)
  from space 16896K, 0% used [0x000000078bd80000,0x000000078bd80000,0x000000078ce00000)
  to   space 22016K, 0% used [0x000000078a800000,0x000000078a800000,0x000000078bd80000)
 ParOldGen       total 131072K, used 36572K [0x00000006c1800000, 0x00000006c9800000, 0x000000076b300000)
  object space 131072K, 27% used [0x00000006c1800000,0x00000006c3bb71c8,0x00000006c9800000)
 Metaspace       used 56093K, capacity 58998K, committed 59136K, reserved 1099776K
  class space    used 7311K, capacity 7862K, committed 7936K, reserved 1048576K
}
Event: 266.159 GC heap before
{Heap before GC invocations=14 (full 3):
 PSYoungGen      total 529920K, used 513024K [0x000000076b300000, 0x000000078d400000, 0x00000007c0000000)
  eden space 513024K, 100% used [0x000000076b300000,0x000000078a800000,0x000000078a800000)
  from space 16896K, 0% used [0x000000078bd80000,0x000000078bd80000,0x000000078ce00000)
  to   space 22016K, 0% used [0x000000078a800000,0x000000078a800000,0x000000078bd80000)
 ParOldGen       total 131072K, used 36572K [0x00000006c1800000, 0x00000006c9800000, 0x000000076b300000)
  object space 131072K, 27% used [0x00000006c1800000,0x00000006c3bb71c8,0x00000006c9800000)
 Metaspace       used 63528K, capacity 67258K, committed 67456K, reserved 1107968K
  class space    used 8355K, capacity 9003K, committed 9088K, reserved 1048576K
Event: 266.633 GC heap after
Heap after GC invocations=14 (full 3):
 PSYoungGen      total 535040K, used 15387K [0x000000076b300000, 0x0000000792a00000, 0x00000007c0000000)
  eden space 513024K, 0% used [0x000000076b300000,0x000000076b300000,0x000000078a800000)
  from space 22016K, 69% used [0x000000078a800000,0x000000078b706df8,0x000000078bd80000)
  to   space 22528K, 0% used [0x0000000791400000,0x0000000791400000,0x0000000792a00000)
 ParOldGen       total 131072K, used 36580K [0x00000006c1800000, 0x00000006c9800000, 0x000000076b300000)
  object space 131072K, 27% used [0x00000006c1800000,0x00000006c3bb91c8,0x00000006c9800000)
 Metaspace       used 63528K, capacity 67258K, committed 67456K, reserved 1107968K
  class space    used 8355K, capacity 9003K, committed 9088K, reserved 1048576K
}

