# JRE version: Java(TM) SE Runtime Environment (8.0_162-b12) (build 1.8.0_162-b12)
# Java VM: Java HotSpot(TM) 64-Bit Server VM (25.162-b12 mixed mode windows-amd64 compressed oops)
Heap:
 PSYoungGen      total 232448K, used 83120K [0x000000076b300000, 0x000000077ed80000, 0x00000007c0000000)
  eden space 226304K, 34% used [0x000000076b300000,0x000000076fe3c2a8,0x0000000779000000)
  from space 6144K, 98% used [0x000000077d580000,0x000000077db70020,0x000000077db80000)
  to   space 14848K, 0% used [0x000000077df00000,0x000000077df00000,0x000000077ed80000)
 ParOldGen       total 122368K, used 30016K [0x00000006c1800000, 0x00000006c8f80000, 0x000000076b300000)
  object space 122368K, 24% used [0x00000006c1800000,0x00000006c3550330,0x00000006c8f80000)
 Metaspace       used 51462K, capacity 54682K, committed 54784K, reserved 1095680K
  class space    used 7019K, capacity 7602K, committed 7680K, reserved 1048576K
GC Heap History (10 events):
Event: 2158.689 GC heap before
{Heap before GC invocations=13 (full 2):
 PSYoungGen      total 269824K, used 269796K [0x000000076b300000, 0x000000077cf80000, 0x00000007c0000000)
  eden space 257024K, 100% used [0x000000076b300000,0x000000077ae00000,0x000000077ae00000)
  from space 12800K, 99% used [0x000000077c300000,0x000000077cf793b8,0x000000077cf80000)
  to   space 15872K, 0% used [0x000000077b080000,0x000000077b080000,0x000000077c000000)
 ParOldGen       total 122368K, used 18611K [0x00000006c1800000, 0x00000006c8f80000, 0x000000076b300000)
  object space 122368K, 15% used [0x00000006c1800000,0x00000006c2a2cc30,0x00000006c8f80000)
 Metaspace       used 50165K, capacity 53122K, committed 53248K, reserved 1095680K
  class space    used 6824K, capacity 7380K, committed 7424K, reserved 1048576K
Event: 2158.861 GC heap after
Heap after GC invocations=13 (full 2):
 PSYoungGen      total 275456K, used 2512K [0x000000076b300000, 0x0000000780c00000, 0x00000007c0000000)
  eden space 259584K, 0% used [0x000000076b300000,0x000000076b300000,0x000000077b080000)
  from space 15872K, 15% used [0x000000077b080000,0x000000077b2f4010,0x000000077c000000)
  to   space 16384K, 0% used [0x000000077fc00000,0x000000077fc00000,0x0000000780c00000)
 ParOldGen       total 122368K, used 29984K [0x00000006c1800000, 0x00000006c8f80000, 0x000000076b300000)
  object space 122368K, 24% used [0x00000006c1800000,0x00000006c3548330,0x00000006c8f80000)
 Metaspace       used 50165K, capacity 53122K, committed 53248K, reserved 1095680K
  class space    used 6824K, capacity 7380K, committed 7424K, reserved 1048576K
}
Event: 3910.689 GC heap before
{Heap before GC invocations=14 (full 2):
 PSYoungGen      total 275456K, used 262095K [0x000000076b300000, 0x0000000780c00000, 0x00000007c0000000)
  eden space 259584K, 99% used [0x000000076b300000,0x000000077b07fbf0,0x000000077b080000)
  from space 15872K, 15% used [0x000000077b080000,0x000000077b2f4010,0x000000077c000000)
  to   space 16384K, 0% used [0x000000077fc00000,0x000000077fc00000,0x0000000780c00000)
 ParOldGen       total 122368K, used 29984K [0x00000006c1800000, 0x00000006c8f80000, 0x000000076b300000)
  object space 122368K, 24% used [0x00000006c1800000,0x00000006c3548330,0x00000006c8f80000)
 Metaspace       used 50189K, capacity 53122K, committed 53248K, reserved 1095680K
  class space    used 6829K, capacity 7380K, committed 7424K, reserved 1048576K
Event: 3910.764 GC heap after
Heap after GC invocations=14 (full 2):
 PSYoungGen      total 254464K, used 3280K [0x000000076b300000, 0x000000077ff80000, 0x00000007c0000000)
  eden space 250880K, 0% used [0x000000076b300000,0x000000076b300000,0x000000077a800000)
  from space 3584K, 91% used [0x000000077fc00000,0x000000077ff34030,0x000000077ff80000)
  to   space 16384K, 0% used [0x000000077df80000,0x000000077df80000,0x000000077ef80000)
 ParOldGen       total 122368K, used 29992K [0x00000006c1800000, 0x00000006c8f80000, 0x000000076b300000)
  object space 122368K, 24% used [0x00000006c1800000,0x00000006c354a330,0x00000006c8f80000)
 Metaspace       used 50189K, capacity 53122K, committed 53248K, reserved 1095680K
  class space    used 6829K, capacity 7380K, committed 7424K, reserved 1048576K
}
Event: 5657.627 GC heap before
{Heap before GC invocations=15 (full 2):
 PSYoungGen      total 254464K, used 254160K [0x000000076b300000, 0x000000077ff80000, 0x00000007c0000000)
  eden space 250880K, 100% used [0x000000076b300000,0x000000077a800000,0x000000077a800000)
  from space 3584K, 91% used [0x000000077fc00000,0x000000077ff34030,0x000000077ff80000)
  to   space 16384K, 0% used [0x000000077df80000,0x000000077df80000,0x000000077ef80000)
 ParOldGen       total 122368K, used 29992K [0x00000006c1800000, 0x00000006c8f80000, 0x000000076b300000)
  object space 122368K, 24% used [0x00000006c1800000,0x00000006c354a330,0x00000006c8f80000)
 Metaspace       used 51113K, capacity 54202K, committed 54400K, reserved 1095680K
  class space    used 6961K, capacity 7536K, committed 7552K, reserved 1048576K
Event: 5657.674 GC heap after
Heap after GC invocations=15 (full 2):
 PSYoungGen      total 247296K, used 5011K [0x000000076b300000, 0x000000077fc80000, 0x00000007c0000000)
  eden space 242176K, 0% used [0x000000076b300000,0x000000076b300000,0x0000000779f80000)
  from space 5120K, 97% used [0x000000077df80000,0x000000077e464f70,0x000000077e480000)
  to   space 15872K, 0% used [0x000000077ed00000,0x000000077ed00000,0x000000077fc80000)
 ParOldGen       total 122368K, used 30000K [0x00000006c1800000, 0x00000006c8f80000, 0x000000076b300000)
  object space 122368K, 24% used [0x00000006c1800000,0x00000006c354c330,0x00000006c8f80000)
 Metaspace       used 51113K, capacity 54202K, committed 54400K, reserved 1095680K
  class space    used 6961K, capacity 7536K, committed 7552K, reserved 1048576K
}
Event: 7079.621 GC heap before
{Heap before GC invocations=16 (full 2):
 PSYoungGen      total 247296K, used 247187K [0x000000076b300000, 0x000000077fc80000, 0x00000007c0000000)
  eden space 242176K, 100% used [0x000000076b300000,0x0000000779f80000,0x0000000779f80000)
  from space 5120K, 97% used [0x000000077df80000,0x000000077e464f70,0x000000077e480000)
  to   space 15872K, 0% used [0x000000077ed00000,0x000000077ed00000,0x000000077fc80000)
 ParOldGen       total 122368K, used 30000K [0x00000006c1800000, 0x00000006c8f80000, 0x000000076b300000)
  object space 122368K, 24% used [0x00000006c1800000,0x00000006c354c330,0x00000006c8f80000)
 Metaspace       used 51456K, capacity 54682K, committed 54784K, reserved 1095680K
  class space    used 7019K, capacity 7602K, committed 7680K, reserved 1048576K
Event: 7079.700 GC heap after
Heap after GC invocations=16 (full 2):
 PSYoungGen      total 240640K, used 6273K [0x000000076b300000, 0x000000077f380000, 0x00000007c0000000)
  eden space 233984K, 0% used [0x000000076b300000,0x000000076b300000,0x0000000779780000)
  from space 6656K, 94% used [0x000000077ed00000,0x000000077f3204a8,0x000000077f380000)
  to   space 15360K, 0% used [0x000000077d580000,0x000000077d580000,0x000000077e480000)
 ParOldGen       total 122368K, used 30008K [0x00000006c1800000, 0x00000006c8f80000, 0x000000076b300000)
  object space 122368K, 24% used [0x00000006c1800000,0x00000006c354e330,0x00000006c8f80000)
 Metaspace       used 51456K, capacity 54682K, committed 54784K, reserved 1095680K
  class space    used 7019K, capacity 7602K, committed 7680K, reserved 1048576K
}
Event: 8516.782 GC heap before
{Heap before GC invocations=17 (full 2):
 PSYoungGen      total 240640K, used 240257K [0x000000076b300000, 0x000000077f380000, 0x00000007c0000000)
  eden space 233984K, 100% used [0x000000076b300000,0x0000000779780000,0x0000000779780000)
  from space 6656K, 94% used [0x000000077ed00000,0x000000077f3204a8,0x000000077f380000)
  to   space 15360K, 0% used [0x000000077d580000,0x000000077d580000,0x000000077e480000)
 ParOldGen       total 122368K, used 30008K [0x00000006c1800000, 0x00000006c8f80000, 0x000000076b300000)
  object space 122368K, 24% used [0x00000006c1800000,0x00000006c354e330,0x00000006c8f80000)
 Metaspace       used 51462K, capacity 54682K, committed 54784K, reserved 1095680K
  class space    used 7019K, capacity 7602K, committed 7680K, reserved 1048576K
Event: 8516.864 GC heap after
Heap after GC invocations=17 (full 2):
 PSYoungGen      total 232448K, used 6080K [0x000000076b300000, 0x000000077ed80000, 0x00000007c0000000)
  eden space 226304K, 0% used [0x000000076b300000,0x000000076b300000,0x0000000779000000)
  from space 6144K, 98% used [0x000000077d580000,0x000000077db70020,0x000000077db80000)
  to   space 14848K, 0% used [0x000000077df00000,0x000000077df00000,0x000000077ed80000)
 ParOldGen       total 122368K, used 30016K [0x00000006c1800000, 0x00000006c8f80000, 0x000000076b300000)
  object space 122368K, 24% used [0x00000006c1800000,0x00000006c3550330,0x00000006c8f80000)
 Metaspace       used 51462K, capacity 54682K, committed 54784K, reserved 1095680K
  class space    used 7019K, capacity 7602K, committed 7680K, reserved 1048576K
}

